0 info it worked if it ends with ok
1 verbose cli [ 'C:\\Program Files\\nodejs\\node.exe',
1 verbose cli   'C:\\Program Files\\nodejs\\node_modules\\npm\\bin\\npm-cli.js',
1 verbose cli   'install',
1 verbose cli   'zlib' ]
2 info using npm@3.10.10
3 info using node@v6.11.0
4 silly loadCurrentTree Starting
5 silly install loadCurrentTree
6 silly install readLocalPackageData
7 silly fetchPackageMetaData zlib
8 silly fetchNamedPackageData zlib
9 silly mapToRegistry name zlib
10 silly mapToRegistry using default registry
11 silly mapToRegistry registry https://registry.npmjs.org/
12 silly mapToRegistry data Result {
12 silly mapToRegistry   raw: 'zlib',
12 silly mapToRegistry   scope: null,
12 silly mapToRegistry   escapedName: 'zlib',
12 silly mapToRegistry   name: 'zlib',
12 silly mapToRegistry   rawSpec: '',
12 silly mapToRegistry   spec: 'latest',
12 silly mapToRegistry   type: 'tag' }
13 silly mapToRegistry uri https://registry.npmjs.org/zlib
14 verbose request uri https://registry.npmjs.org/zlib
15 verbose request no auth needed
16 info attempt registry request try #1 at 6:16:09 PM
17 verbose request id c1ae4a56291b6f16
18 verbose etag W/"5970662e-1838"
19 verbose lastModified Thu, 20 Jul 2017 08:13:34 GMT
20 http request GET https://registry.npmjs.org/zlib
21 http 304 https://registry.npmjs.org/zlib
22 verbose headers { date: 'Wed, 16 Aug 2017 22:16:10 GMT',
22 verbose headers   via: '1.1 varnish',
22 verbose headers   'cache-control': 'max-age=300',
22 verbose headers   etag: 'W/"5970662e-1838"',
22 verbose headers   age: '82',
22 verbose headers   connection: 'keep-alive',
22 verbose headers   'x-served-by': 'cache-bos8228-BOS',
22 verbose headers   'x-cache': 'HIT',
22 verbose headers   'x-cache-hits': '1',
22 verbose headers   'x-timer': 'S1502921771.554247,VS0,VE0',
22 verbose headers   vary: 'Accept-Encoding, Accept' }
23 silly get cb [ 304,
23 silly get   { date: 'Wed, 16 Aug 2017 22:16:10 GMT',
23 silly get     via: '1.1 varnish',
23 silly get     'cache-control': 'max-age=300',
23 silly get     etag: 'W/"5970662e-1838"',
23 silly get     age: '82',
23 silly get     connection: 'keep-alive',
23 silly get     'x-served-by': 'cache-bos8228-BOS',
23 silly get     'x-cache': 'HIT',
23 silly get     'x-cache-hits': '1',
23 silly get     'x-timer': 'S1502921771.554247,VS0,VE0',
23 silly get     vary: 'Accept-Encoding, Accept' } ]
24 verbose etag https://registry.npmjs.org/zlib from cache
25 verbose get saving zlib to C:\Users\preet\AppData\Roaming\npm-cache\registry.npmjs.org\zlib\.cache.json
26 verbose correctMkdir C:\Users\preet\AppData\Roaming\npm-cache correctMkdir not in flight; initializing
27 silly install normalizeTree
28 silly loadCurrentTree Finishing
29 silly loadIdealTree Starting
30 silly install loadIdealTree
31 silly cloneCurrentTree Starting
32 silly install cloneCurrentTreeToIdealTree
33 silly cloneCurrentTree Finishing
34 silly loadShrinkwrap Starting
35 silly install loadShrinkwrap
36 silly loadShrinkwrap Finishing
37 silly loadAllDepsIntoIdealTree Starting
38 silly install loadAllDepsIntoIdealTree
39 silly resolveWithNewModule zlib@1.0.5 checking installable status
40 silly cache add args [ 'zlib', null ]
41 verbose cache add spec zlib
42 silly cache add parsed spec Result {
42 silly cache add   raw: 'zlib',
42 silly cache add   scope: null,
42 silly cache add   escapedName: 'zlib',
42 silly cache add   name: 'zlib',
42 silly cache add   rawSpec: '',
42 silly cache add   spec: 'latest',
42 silly cache add   type: 'tag' }
43 silly addNamed zlib@latest
44 verbose addNamed "latest" is being treated as a dist-tag for zlib
45 info addNameTag [ 'zlib', 'latest' ]
46 silly mapToRegistry name zlib
47 silly mapToRegistry using default registry
48 silly mapToRegistry registry https://registry.npmjs.org/
49 silly mapToRegistry data Result {
49 silly mapToRegistry   raw: 'zlib',
49 silly mapToRegistry   scope: null,
49 silly mapToRegistry   escapedName: 'zlib',
49 silly mapToRegistry   name: 'zlib',
49 silly mapToRegistry   rawSpec: '',
49 silly mapToRegistry   spec: 'latest',
49 silly mapToRegistry   type: 'tag' }
50 silly mapToRegistry uri https://registry.npmjs.org/zlib
51 verbose addNameTag registry:https://registry.npmjs.org/zlib not in flight; fetching
52 verbose get https://registry.npmjs.org/zlib not expired, no request
53 silly addNameTag next cb for zlib with tag latest
54 silly addNamed zlib@1.0.5
55 verbose addNamed "1.0.5" is a plain semver version for zlib
56 silly cache afterAdd zlib@1.0.5
57 verbose afterAdd C:\Users\preet\AppData\Roaming\npm-cache\zlib\1.0.5\package\package.json not in flight; writing
58 verbose correctMkdir C:\Users\preet\AppData\Roaming\npm-cache correctMkdir not in flight; initializing
59 verbose afterAdd C:\Users\preet\AppData\Roaming\npm-cache\zlib\1.0.5\package\package.json written
60 silly loadAllDepsIntoIdealTree Finishing
61 silly loadIdealTree Finishing
62 silly currentTree web-dev@1.0.0
62 silly currentTree +-- @angular/core@4.3.3
62 silly currentTree +-- @angular/forms@4.0.0
62 silly currentTree +-- accepts@1.3.3
62 silly currentTree +-- acorn@2.6.4
62 silly currentTree +-- alter@0.2.0
62 silly currentTree +-- angular-rating-icons@1.0.3
62 silly currentTree | `-- font-awesome@4.2.0
62 silly currentTree +-- angular-route@1.6.5
62 silly currentTree +-- angular-sanitize@1.6.5
62 silly currentTree +-- angular-star-rating@3.0.3
62 silly currentTree +-- angular-ui@1.0.0
62 silly currentTree +-- angular@1.6.5
62 silly currentTree +-- append-field@0.1.0
62 silly currentTree +-- array-flatten@1.1.1
62 silly currentTree +-- async@2.1.4
62 silly currentTree +-- bcrypt-nodejs@0.0.3
62 silly currentTree +-- bluebird@2.10.2
62 silly currentTree +-- body-parser@1.17.2
62 silly currentTree +-- bootstrap-rating@0.0.1
62 silly currentTree +-- bson@1.0.4
62 silly currentTree +-- buffer-shims@1.0.0
62 silly currentTree +-- busboy@0.2.14
62 silly currentTree | +-- isarray@0.0.1
62 silly currentTree | +-- readable-stream@1.1.14
62 silly currentTree | `-- string_decoder@0.10.31
62 silly currentTree +-- bytes@2.4.0
62 silly currentTree +-- concat-stream@1.6.0
62 silly currentTree +-- content-disposition@0.5.2
62 silly currentTree +-- content-type@1.0.2
62 silly currentTree +-- convert-source-map@1.1.3
62 silly currentTree +-- cookie-parser@1.4.3
62 silly currentTree +-- cookie-signature@1.0.6
62 silly currentTree +-- cookie@0.3.1
62 silly currentTree +-- core-util-is@1.0.2
62 silly currentTree +-- crc@3.4.4
62 silly currentTree +-- debug@2.6.7
62 silly currentTree +-- depd@1.1.0
62 silly currentTree +-- destroy@1.0.4
62 silly currentTree +-- dicer@0.2.5
62 silly currentTree | +-- isarray@0.0.1
62 silly currentTree | +-- readable-stream@1.1.14
62 silly currentTree | `-- string_decoder@0.10.31
62 silly currentTree +-- each-series@1.0.0
62 silly currentTree +-- ee-first@1.1.1
62 silly currentTree +-- ejs@2.5.7
62 silly currentTree +-- encodeurl@1.0.1
62 silly currentTree +-- es6-promise@3.2.1
62 silly currentTree +-- escape-html@1.0.3
62 silly currentTree +-- etag@1.8.0
62 silly currentTree +-- express-session@1.15.5
62 silly currentTree | +-- debug@2.6.8
62 silly currentTree | `-- depd@1.1.1
62 silly currentTree +-- express@4.15.3
62 silly currentTree +-- finalhandler@1.0.3
62 silly currentTree +-- font-awesome@4.7.0
62 silly currentTree +-- fontawesome@4.7.2
62 silly currentTree +-- forwarded@0.1.0
62 silly currentTree +-- fresh@0.5.0
62 silly currentTree +-- hooks-fixed@2.0.0
62 silly currentTree +-- http-errors@1.6.1
62 silly currentTree | `-- depd@1.1.0
62 silly currentTree +-- http@0.0.0
62 silly currentTree +-- https@1.0.0
62 silly currentTree +-- iconv-lite@0.4.15
62 silly currentTree +-- inherits@2.0.3
62 silly currentTree +-- ipaddr.js@1.3.0
62 silly currentTree +-- isarray@1.0.0
62 silly currentTree +-- jquery-ui-touch-punch@0.2.3
62 silly currentTree +-- jquery-ui@1.12.1
62 silly currentTree +-- jquery@3.2.1
62 silly currentTree +-- kareem@1.4.1
62 silly currentTree +-- lodash@4.17.4
62 silly currentTree +-- media-typer@0.3.0
62 silly currentTree +-- merge-descriptors@1.0.1
62 silly currentTree +-- methods@1.1.2
62 silly currentTree +-- mime-db@1.27.0
62 silly currentTree +-- mime-types@2.1.15
62 silly currentTree +-- mime@1.3.4
62 silly currentTree +-- minimist@0.0.8
62 silly currentTree +-- mkdirp@0.5.1
62 silly currentTree +-- mongodb-core@2.1.11
62 silly currentTree +-- mongodb@2.2.27
62 silly currentTree | `-- readable-stream@2.2.7
62 silly currentTree +-- mongojs@2.4.0
62 silly currentTree +-- mongoose@4.11.1
62 silly currentTree | +-- mongodb-core@2.1.11
62 silly currentTree | +-- mongodb@2.2.27
62 silly currentTree | `-- readable-stream@2.2.7
62 silly currentTree +-- mpath@0.3.0
62 silly currentTree +-- mpromise@0.5.5
62 silly currentTree +-- mquery@2.3.1
62 silly currentTree | +-- debug@2.6.8
62 silly currentTree | `-- sliced@0.0.5
62 silly currentTree +-- ms@2.0.0
62 silly currentTree +-- multer@1.3.0
62 silly currentTree +-- muri@1.2.1
62 silly currentTree +-- negotiator@0.6.1
62 silly currentTree +-- ng-annotate@1.2.1
62 silly currentTree +-- oauth@0.9.15
62 silly currentTree +-- object-assign@3.0.0
62 silly currentTree +-- on-finished@2.3.0
62 silly currentTree +-- on-headers@1.0.1
62 silly currentTree +-- once@1.4.0
62 silly currentTree +-- optimist@0.6.1
62 silly currentTree +-- ordered-ast-traverse@1.1.1
62 silly currentTree +-- ordered-esprima-props@1.1.0
62 silly currentTree +-- parse-mongo-url@1.1.1
62 silly currentTree +-- parseurl@1.3.1
62 silly currentTree +-- passport-facebook@2.1.1
62 silly currentTree +-- passport-local@1.0.0
62 silly currentTree +-- passport-oauth2@1.4.0
62 silly currentTree +-- passport-strategy@1.0.0
62 silly currentTree +-- passport@0.3.2
62 silly currentTree +-- path-to-regexp@0.1.7
62 silly currentTree +-- pause@0.0.1
62 silly currentTree +-- process-nextick-args@1.0.7
62 silly currentTree +-- proxy-addr@1.1.4
62 silly currentTree +-- q@1.5.0
62 silly currentTree +-- qs@6.4.0
62 silly currentTree +-- random-bytes@1.0.0
62 silly currentTree +-- range-parser@1.2.0
62 silly currentTree +-- raw-body@2.2.0
62 silly currentTree +-- readable-stream@2.2.7
62 silly currentTree +-- regexp-clone@0.0.1
62 silly currentTree +-- require_optional@1.0.1
62 silly currentTree +-- resolve-from@2.0.0
62 silly currentTree +-- safe-buffer@5.1.1
62 silly currentTree +-- semver@5.3.0
62 silly currentTree +-- send@0.15.3
62 silly currentTree +-- serve-static@1.12.3
62 silly currentTree +-- setprototypeof@1.0.3
62 silly currentTree +-- simple-fmt@0.1.0
62 silly currentTree +-- simple-is@0.2.0
62 silly currentTree +-- sliced@1.0.1
62 silly currentTree +-- smartmenus@1.0.1
62 silly currentTree +-- source-map@0.5.6
62 silly currentTree +-- stable@0.1.6
62 silly currentTree +-- statuses@1.3.1
62 silly currentTree +-- streamsearch@0.1.2
62 silly currentTree +-- string_decoder@1.0.3
62 silly currentTree +-- stringmap@0.2.2
62 silly currentTree +-- stringset@0.2.1
62 silly currentTree +-- thunky@0.1.0
62 silly currentTree +-- to-mongodb-core@2.0.0
62 silly currentTree +-- tryor@0.1.2
62 silly currentTree +-- tslib@1.7.1
62 silly currentTree +-- type-is@1.6.15
62 silly currentTree +-- typedarray@0.0.6
62 silly currentTree +-- uid-safe@2.1.5
62 silly currentTree +-- uid2@0.0.3
62 silly currentTree +-- unpipe@1.0.0
62 silly currentTree +-- util-deprecate@1.0.2
62 silly currentTree +-- utils-merge@1.0.0
62 silly currentTree +-- vary@1.1.1
62 silly currentTree +-- wordwrap@0.0.3
62 silly currentTree +-- wrappy@1.0.2
62 silly currentTree `-- xtend@4.0.1
63 silly idealTree web-dev@1.0.0
63 silly idealTree +-- @angular/core@4.3.3
63 silly idealTree +-- @angular/forms@4.0.0
63 silly idealTree +-- accepts@1.3.3
63 silly idealTree +-- acorn@2.6.4
63 silly idealTree +-- alter@0.2.0
63 silly idealTree +-- angular-rating-icons@1.0.3
63 silly idealTree | `-- font-awesome@4.2.0
63 silly idealTree +-- angular-route@1.6.5
63 silly idealTree +-- angular-sanitize@1.6.5
63 silly idealTree +-- angular-star-rating@3.0.3
63 silly idealTree +-- angular-ui@1.0.0
63 silly idealTree +-- angular@1.6.5
63 silly idealTree +-- append-field@0.1.0
63 silly idealTree +-- array-flatten@1.1.1
63 silly idealTree +-- async@2.1.4
63 silly idealTree +-- bcrypt-nodejs@0.0.3
63 silly idealTree +-- bluebird@2.10.2
63 silly idealTree +-- body-parser@1.17.2
63 silly idealTree +-- bootstrap-rating@0.0.1
63 silly idealTree +-- bson@1.0.4
63 silly idealTree +-- buffer-shims@1.0.0
63 silly idealTree +-- busboy@0.2.14
63 silly idealTree | +-- isarray@0.0.1
63 silly idealTree | +-- readable-stream@1.1.14
63 silly idealTree | `-- string_decoder@0.10.31
63 silly idealTree +-- bytes@2.4.0
63 silly idealTree +-- concat-stream@1.6.0
63 silly idealTree +-- content-disposition@0.5.2
63 silly idealTree +-- content-type@1.0.2
63 silly idealTree +-- convert-source-map@1.1.3
63 silly idealTree +-- cookie-parser@1.4.3
63 silly idealTree +-- cookie-signature@1.0.6
63 silly idealTree +-- cookie@0.3.1
63 silly idealTree +-- core-util-is@1.0.2
63 silly idealTree +-- crc@3.4.4
63 silly idealTree +-- debug@2.6.7
63 silly idealTree +-- depd@1.1.0
63 silly idealTree +-- destroy@1.0.4
63 silly idealTree +-- dicer@0.2.5
63 silly idealTree | +-- isarray@0.0.1
63 silly idealTree | +-- readable-stream@1.1.14
63 silly idealTree | `-- string_decoder@0.10.31
63 silly idealTree +-- each-series@1.0.0
63 silly idealTree +-- ee-first@1.1.1
63 silly idealTree +-- ejs@2.5.7
63 silly idealTree +-- encodeurl@1.0.1
63 silly idealTree +-- es6-promise@3.2.1
63 silly idealTree +-- escape-html@1.0.3
63 silly idealTree +-- etag@1.8.0
63 silly idealTree +-- express-session@1.15.5
63 silly idealTree | +-- debug@2.6.8
63 silly idealTree | `-- depd@1.1.1
63 silly idealTree +-- express@4.15.3
63 silly idealTree +-- finalhandler@1.0.3
63 silly idealTree +-- font-awesome@4.7.0
63 silly idealTree +-- fontawesome@4.7.2
63 silly idealTree +-- forwarded@0.1.0
63 silly idealTree +-- fresh@0.5.0
63 silly idealTree +-- hooks-fixed@2.0.0
63 silly idealTree +-- http-errors@1.6.1
63 silly idealTree | `-- depd@1.1.0
63 silly idealTree +-- http@0.0.0
63 silly idealTree +-- https@1.0.0
63 silly idealTree +-- iconv-lite@0.4.15
63 silly idealTree +-- inherits@2.0.3
63 silly idealTree +-- ipaddr.js@1.3.0
63 silly idealTree +-- isarray@1.0.0
63 silly idealTree +-- jquery-ui-touch-punch@0.2.3
63 silly idealTree +-- jquery-ui@1.12.1
63 silly idealTree +-- jquery@3.2.1
63 silly idealTree +-- kareem@1.4.1
63 silly idealTree +-- lodash@4.17.4
63 silly idealTree +-- media-typer@0.3.0
63 silly idealTree +-- merge-descriptors@1.0.1
63 silly idealTree +-- methods@1.1.2
63 silly idealTree +-- mime-db@1.27.0
63 silly idealTree +-- mime-types@2.1.15
63 silly idealTree +-- mime@1.3.4
63 silly idealTree +-- minimist@0.0.8
63 silly idealTree +-- mkdirp@0.5.1
63 silly idealTree +-- mongodb-core@2.1.11
63 silly idealTree +-- mongodb@2.2.27
63 silly idealTree | `-- readable-stream@2.2.7
63 silly idealTree +-- mongojs@2.4.0
63 silly idealTree +-- mongoose@4.11.1
63 silly idealTree | +-- mongodb-core@2.1.11
63 silly idealTree | +-- mongodb@2.2.27
63 silly idealTree | `-- readable-stream@2.2.7
63 silly idealTree +-- mpath@0.3.0
63 silly idealTree +-- mpromise@0.5.5
63 silly idealTree +-- mquery@2.3.1
63 silly idealTree | +-- debug@2.6.8
63 silly idealTree | `-- sliced@0.0.5
63 silly idealTree +-- ms@2.0.0
63 silly idealTree +-- multer@1.3.0
63 silly idealTree +-- muri@1.2.1
63 silly idealTree +-- negotiator@0.6.1
63 silly idealTree +-- ng-annotate@1.2.1
63 silly idealTree +-- oauth@0.9.15
63 silly idealTree +-- object-assign@3.0.0
63 silly idealTree +-- on-finished@2.3.0
63 silly idealTree +-- on-headers@1.0.1
63 silly idealTree +-- once@1.4.0
63 silly idealTree +-- optimist@0.6.1
63 silly idealTree +-- ordered-ast-traverse@1.1.1
63 silly idealTree +-- ordered-esprima-props@1.1.0
63 silly idealTree +-- parse-mongo-url@1.1.1
63 silly idealTree +-- parseurl@1.3.1
63 silly idealTree +-- passport-facebook@2.1.1
63 silly idealTree +-- passport-local@1.0.0
63 silly idealTree +-- passport-oauth2@1.4.0
63 silly idealTree +-- passport-strategy@1.0.0
63 silly idealTree +-- passport@0.3.2
63 silly idealTree +-- path-to-regexp@0.1.7
63 silly idealTree +-- pause@0.0.1
63 silly idealTree +-- process-nextick-args@1.0.7
63 silly idealTree +-- proxy-addr@1.1.4
63 silly idealTree +-- q@1.5.0
63 silly idealTree +-- qs@6.4.0
63 silly idealTree +-- random-bytes@1.0.0
63 silly idealTree +-- range-parser@1.2.0
63 silly idealTree +-- raw-body@2.2.0
63 silly idealTree +-- readable-stream@2.2.7
63 silly idealTree +-- regexp-clone@0.0.1
63 silly idealTree +-- require_optional@1.0.1
63 silly idealTree +-- resolve-from@2.0.0
63 silly idealTree +-- safe-buffer@5.1.1
63 silly idealTree +-- semver@5.3.0
63 silly idealTree +-- send@0.15.3
63 silly idealTree +-- serve-static@1.12.3
63 silly idealTree +-- setprototypeof@1.0.3
63 silly idealTree +-- simple-fmt@0.1.0
63 silly idealTree +-- simple-is@0.2.0
63 silly idealTree +-- sliced@1.0.1
63 silly idealTree +-- smartmenus@1.0.1
63 silly idealTree +-- source-map@0.5.6
63 silly idealTree +-- stable@0.1.6
63 silly idealTree +-- statuses@1.3.1
63 silly idealTree +-- streamsearch@0.1.2
63 silly idealTree +-- string_decoder@1.0.3
63 silly idealTree +-- stringmap@0.2.2
63 silly idealTree +-- stringset@0.2.1
63 silly idealTree +-- thunky@0.1.0
63 silly idealTree +-- to-mongodb-core@2.0.0
63 silly idealTree +-- tryor@0.1.2
63 silly idealTree +-- tslib@1.7.1
63 silly idealTree +-- type-is@1.6.15
63 silly idealTree +-- typedarray@0.0.6
63 silly idealTree +-- uid-safe@2.1.5
63 silly idealTree +-- uid2@0.0.3
63 silly idealTree +-- unpipe@1.0.0
63 silly idealTree +-- util-deprecate@1.0.2
63 silly idealTree +-- utils-merge@1.0.0
63 silly idealTree +-- vary@1.1.1
63 silly idealTree +-- wordwrap@0.0.3
63 silly idealTree +-- wrappy@1.0.2
63 silly idealTree +-- xtend@4.0.1
63 silly idealTree `-- zlib@1.0.5
64 silly generateActionsToTake Starting
65 silly install generateActionsToTake
66 silly generateActionsToTake Finishing
67 silly diffTrees action count 1
68 silly diffTrees add zlib@1.0.5
69 silly decomposeActions action count 8
70 silly decomposeActions fetch zlib@1.0.5
71 silly decomposeActions extract zlib@1.0.5
72 silly decomposeActions test zlib@1.0.5
73 silly decomposeActions preinstall zlib@1.0.5
74 silly decomposeActions build zlib@1.0.5
75 silly decomposeActions install zlib@1.0.5
76 silly decomposeActions postinstall zlib@1.0.5
77 silly decomposeActions finalize zlib@1.0.5
78 silly runTopLevelLifecycles Starting
79 silly executeActions Starting
80 silly install executeActions
81 silly doSerial global-install 0
82 silly doParallel fetch 1
83 verbose correctMkdir C:\Users\preet\AppData\Roaming\npm-cache\_locks correctMkdir not in flight; initializing
84 verbose lock using C:\Users\preet\AppData\Roaming\npm-cache\_locks\staging-762c59727c360768.lock for C:\Users\preet\OneDrive\Documents\GitHub\Ayyamperumal-Preethi-webdev-project\node_modules\.staging
85 silly doParallel extract 1
86 silly extract zlib@1.0.5
87 verbose unbuild node_modules\.staging\zlib-710de74e
88 silly gentlyRm C:\Users\preet\OneDrive\Documents\GitHub\Ayyamperumal-Preethi-webdev-project\node_modules\.staging\zlib-710de74e is being purged from base C:\Users\preet\OneDrive\Documents\GitHub\Ayyamperumal-Preethi-webdev-project
89 verbose gentlyRm don't care about contents; nuking C:\Users\preet\OneDrive\Documents\GitHub\Ayyamperumal-Preethi-webdev-project\node_modules\.staging\zlib-710de74e
90 verbose tar unpack C:\Users\preet\AppData\Roaming\npm-cache\zlib\1.0.5\package.tgz
91 verbose tar unpacking to C:\Users\preet\OneDrive\Documents\GitHub\Ayyamperumal-Preethi-webdev-project\node_modules\.staging\zlib-710de74e
92 silly gentlyRm C:\Users\preet\OneDrive\Documents\GitHub\Ayyamperumal-Preethi-webdev-project\node_modules\.staging\zlib-710de74e is being purged
93 verbose gentlyRm don't care about contents; nuking C:\Users\preet\OneDrive\Documents\GitHub\Ayyamperumal-Preethi-webdev-project\node_modules\.staging\zlib-710de74e
94 silly gunzTarPerm modes [ '777', '666' ]
95 silly gunzTarPerm extractEntry .gitignore
96 silly gunzTarPerm modified mode [ '.gitignore', 420, 438 ]
97 silly gunzTarPerm extractEntry configure
98 silly gunzTarPerm modified mode [ 'configure', 493, 511 ]
99 silly gunzTarPerm extractEntry index.js
100 silly gunzTarPerm modified mode [ 'index.js', 420, 438 ]
101 silly gunzTarPerm extractEntry LICENSE
102 silly gunzTarPerm modified mode [ 'LICENSE', 420, 438 ]
103 silly gunzTarPerm extractEntry Makefile
104 silly gunzTarPerm modified mode [ 'Makefile', 420, 438 ]
105 silly gunzTarPerm extractEntry package.json
106 silly gunzTarPerm modified mode [ 'package.json', 420, 438 ]
107 silly gunzTarPerm extractEntry README.md
108 silly gunzTarPerm modified mode [ 'README.md', 420, 438 ]
109 silly gunzTarPerm extractEntry wscript
110 silly gunzTarPerm modified mode [ 'wscript', 420, 438 ]
111 silly gunzTarPerm extractEntry lib/zlib.js
112 silly gunzTarPerm modified mode [ 'lib/zlib.js', 420, 438 ]
113 silly gunzTarPerm extractEntry src/node-zlib.cc
114 silly gunzTarPerm modified mode [ 'src/node-zlib.cc', 420, 438 ]
115 silly gunzTarPerm extractEntry test/deflate.test.js
116 silly gunzTarPerm modified mode [ 'test/deflate.test.js', 420, 438 ]
117 silly gunzTarPerm extractEntry test/inflate.test.js
118 silly gunzTarPerm modified mode [ 'test/inflate.test.js', 420, 438 ]
119 silly gentlyRm C:\Users\preet\OneDrive\Documents\GitHub\Ayyamperumal-Preethi-webdev-project\node_modules\.staging\zlib-710de74e\node_modules is being purged
120 verbose gentlyRm don't care about contents; nuking C:\Users\preet\OneDrive\Documents\GitHub\Ayyamperumal-Preethi-webdev-project\node_modules\.staging\zlib-710de74e\node_modules
121 silly doParallel preinstall 1
122 silly preinstall zlib@1.0.5 C:\Users\preet\OneDrive\Documents\GitHub\Ayyamperumal-Preethi-webdev-project\node_modules\.staging\zlib-710de74e
123 info lifecycle zlib@1.0.5~preinstall: zlib@1.0.5
124 verbose lifecycle zlib@1.0.5~preinstall: unsafe-perm in lifecycle true
125 verbose lifecycle zlib@1.0.5~preinstall: PATH: C:\Program Files\nodejs\node_modules\npm\bin\node-gyp-bin;C:\Users\preet\OneDrive\Documents\GitHub\Ayyamperumal-Preethi-webdev-project\node_modules\.staging\zlib-710de74e\node_modules\.bin;C:\Users\preet\OneDrive\Documents\GitHub\Ayyamperumal-Preethi-webdev-project\node_modules\.bin;C:\ProgramData\Oracle\Java\javapath;C:\Python27\;C:\Python27\Scripts;C:\MinGW\bin\;C:\Program Files (x86)\Intel\iCLS Client\;C:\Program Files\Intel\iCLS Client\;C:\WINDOWS\system32;C:\WINDOWS;C:\WINDOWS\System32\Wbem;C:\WINDOWS\System32\WindowsPowerShell\v1.0\;C:\Program Files (x86)\Intel\Intel(R) Management Engine Components\DAL;C:\Program Files\Intel\Intel(R) Management Engine Components\DAL;C:\Program Files (x86)\Intel\Intel(R) Management Engine Components\IPT;C:\Program Files\Intel\Intel(R) Management Engine Components\IPT;C:\Program Files\Intel\IntelSGXPSW\bin\x64\Release\;C:\Program Files\Intel\IntelSGXPSW\bin\win32\Release\;C:\Program Files (x86)\PharosSystems\Core;C:\Program Files (x86)\Windows Kits\8.1\Windows Performance Toolkit\;C:\boost_1_55_0;C:\boost_1_55_0\boost;C:\boost_1_55_0\stage\lib;C:\Program Files\MATLAB\R2016a\bin;C:\Program Files\Intel\WiFi\bin\;C:\Program Files\Common Files\Intel\WirelessCommon\;C:\Program Files (x86)\Skype\Phone\;C:\Program Files\nodejs\;C:\MongoDB;C:\Program Files\MongoDB\Server\3.4\bin;C:\Program Files\Git\cmd;C:\Users\preet\AppData\Local\Microsoft\WindowsApps;C:\Users\preet\AppData\Roaming\npm;C:\Program Files\Heroku\bin
126 verbose lifecycle zlib@1.0.5~preinstall: CWD: C:\Users\preet\OneDrive\Documents\GitHub\Ayyamperumal-Preethi-webdev-project\node_modules\.staging\zlib-710de74e
127 silly lifecycle zlib@1.0.5~preinstall: Args: [ '/d /s /c',
127 silly lifecycle   'node-waf clean || true; node-waf configure build' ]
128 silly lifecycle zlib@1.0.5~preinstall: Returned: code: 1  signal: null
129 info lifecycle zlib@1.0.5~preinstall: Failed to exec preinstall script
130 verbose unlock done using C:\Users\preet\AppData\Roaming\npm-cache\_locks\staging-762c59727c360768.lock for C:\Users\preet\OneDrive\Documents\GitHub\Ayyamperumal-Preethi-webdev-project\node_modules\.staging
131 silly rollbackFailedOptional Starting
132 silly rollbackFailedOptional Finishing
133 silly runTopLevelLifecycles Finishing
134 silly install printInstalled
135 warn @angular/core@4.3.3 requires a peer of rxjs@^5.0.1 but none was installed.
136 verbose If you need help, you may report this error at:
136 verbose     <https://github.com/npm/npm/issues>
137 warn @angular/core@4.3.3 requires a peer of zone.js@^0.8.4 but none was installed.
138 verbose If you need help, you may report this error at:
138 verbose     <https://github.com/npm/npm/issues>
139 warn @angular/forms@4.0.0 requires a peer of @angular/core@4.0.0 but none was installed.
140 verbose If you need help, you may report this error at:
140 verbose     <https://github.com/npm/npm/issues>
141 warn @angular/forms@4.0.0 requires a peer of @angular/common@4.0.0 but none was installed.
142 verbose If you need help, you may report this error at:
142 verbose     <https://github.com/npm/npm/issues>
143 warn @angular/forms@4.0.0 requires a peer of @angular/platform-browser@4.0.0 but none was installed.
144 verbose If you need help, you may report this error at:
144 verbose     <https://github.com/npm/npm/issues>
145 warn angular-star-rating@3.0.3 requires a peer of rxjs@^5.1.0 but none was installed.
146 verbose If you need help, you may report this error at:
146 verbose     <https://github.com/npm/npm/issues>
147 warn angular-star-rating@3.0.3 requires a peer of zone.js@^0.8.4 but none was installed.
148 verbose If you need help, you may report this error at:
148 verbose     <https://github.com/npm/npm/issues>
149 warn web-dev@1.0.0 No repository field.
150 verbose If you need help, you may report this error at:
150 verbose     <https://github.com/npm/npm/issues>
151 verbose stack Error: zlib@1.0.5 preinstall: `node-waf clean || true; node-waf configure build`
151 verbose stack Exit status 1
151 verbose stack     at EventEmitter.<anonymous> (C:\Program Files\nodejs\node_modules\npm\lib\utils\lifecycle.js:255:16)
151 verbose stack     at emitTwo (events.js:106:13)
151 verbose stack     at EventEmitter.emit (events.js:191:7)
151 verbose stack     at ChildProcess.<anonymous> (C:\Program Files\nodejs\node_modules\npm\lib\utils\spawn.js:40:14)
151 verbose stack     at emitTwo (events.js:106:13)
151 verbose stack     at ChildProcess.emit (events.js:191:7)
151 verbose stack     at maybeClose (internal/child_process.js:891:16)
151 verbose stack     at Process.ChildProcess._handle.onexit (internal/child_process.js:226:5)
152 verbose pkgid zlib@1.0.5
153 verbose cwd C:\Users\preet\OneDrive\Documents\GitHub\Ayyamperumal-Preethi-webdev-project
154 error Windows_NT 10.0.14393
155 error argv "C:\\Program Files\\nodejs\\node.exe" "C:\\Program Files\\nodejs\\node_modules\\npm\\bin\\npm-cli.js" "install" "zlib"
156 error node v6.11.0
157 error npm  v3.10.10
158 error code ELIFECYCLE
159 error zlib@1.0.5 preinstall: `node-waf clean || true; node-waf configure build`
159 error Exit status 1
160 error Failed at the zlib@1.0.5 preinstall script 'node-waf clean || true; node-waf configure build'.
160 error Make sure you have the latest version of node.js and npm installed.
160 error If you do, this is most likely a problem with the zlib package,
160 error not with npm itself.
160 error Tell the author that this fails on your system:
160 error     node-waf clean || true; node-waf configure build
160 error You can get information on how to open an issue for this project with:
160 error     npm bugs zlib
160 error Or if that isn't available, you can get their info via:
160 error     npm owner ls zlib
160 error There is likely additional logging output above.
161 verbose exit [ 1, true ]
